<?xml version="1.0" encoding="UTF-8"?>
<!-- Generated by org.testng.reporters.JUnitReportReporter -->
<testsuite skipped="0" hostname="HDC2-D-CBWMXJ2" name="seleniumday1.Testng1" tests="2" failures="0" timestamp="09 Aug 2019 10:37:53 GMT" time="0.020" errors="0">
  <testcase name="Register" time="0.017" classname="seleniumday1.Testng1"/>
  <testcase name="Signout" time="0.003" classname="seleniumday1.Testng1"/>
</testsuite> <!-- seleniumday1.Testng1 -->
