<?xml version="1.0" encoding="UTF-8"?>
<!-- Generated by org.testng.reporters.JUnitReportReporter -->
<testsuite skipped="0" hostname="HDC2-D-CBWMXJ2" name="seleniumday1.Testng" tests="3" failures="0" timestamp="09 Aug 2019 07:19:27 GMT" time="0.016" errors="0">
  <testcase name="openApp" time="0.013" classname="seleniumday1.Testng"/>
  <testcase name="login" time="0.002" classname="seleniumday1.Testng"/>
  <testcase name="logout" time="0.001" classname="seleniumday1.Testng"/>
</testsuite> <!-- seleniumday1.Testng -->
