<?xml version="1.0" encoding="UTF-8"?>
<!-- Generated by org.testng.reporters.JUnitReportReporter -->
<testsuite skipped="1" hostname="HDC2-D-CBWMXJ2" name="TestmeApp.Casestudy.OnlineShopping" tests="4" failures="0" timestamp="14 Aug 2019 12:18:41 GMT" time="51.623" errors="0">
  <testcase name="testLogin" time="41.357" classname="TestmeApp.Casestudy.OnlineShopping"/>
  <testcase name="testCart" time="4.230" classname="TestmeApp.Casestudy.OnlineShopping"/>
  <testcase name="testPayment" time="6.036" classname="TestmeApp.Casestudy.OnlineShopping"/>
  <testcase name="testRegistration" classname="TestmeApp.Casestudy.OnlineShopping">
    <skipped/>
  </testcase> <!-- testRegistration -->
</testsuite> <!-- TestmeApp.Casestudy.OnlineShopping -->
